

Microchip MPLAB XC8 Assembler V2.46 build 20240104201356 
                                                                                               Thu May 23 21:18:58 2024

Microchip MPLAB XC8 C Compiler v2.46 (Free license) build 20240104201356 Og1 
     1                           	processor	18F57Q43
     2                           	fnconf	rparam,??,?,0
     3                           	pagewidth 120
     4                           	opt	flic
     5                           	psect	nvCOMRAM,global,class=COMRAM,space=1,delta=1,lowdata,noexec
     6                           	psect	cinit,global,reloc=2,class=CODE,delta=1
     7                           	psect	cstackCOMRAM,global,class=COMRAM,space=1,delta=1,lowdata,noexec
     8                           	psect	text0,global,reloc=2,class=CODE,delta=1
     9                           	psect	text1,global,reloc=2,class=CODE,delta=1
    10                           	psect	text2,global,reloc=2,class=CODE,delta=1
    11                           	psect	text3,global,reloc=2,class=CODE,delta=1
    12                           	psect	text4,global,reloc=2,class=CODE,delta=1
    13                           	psect	text5,global,reloc=2,class=CODE,delta=1
    14                           	psect	text6,global,reloc=2,class=CODE,delta=1
    15                           	psect	text7,global,reloc=2,class=CODE,delta=1
    16                           	psect	smallconst,global,reloc=2,class=SMALLCONST,delta=1,noexec
    17                           	psect	intsave_regs,global,class=BIGRAM,space=1,delta=1,noexec
    18                           	psect	rparam,global,class=COMRAM,space=1,delta=1,noexec
    19                           	psect	config,global,abs,ovrld,class=CONFIG,space=4,delta=1,noexec
    20   000000                     
    21                           ; Generated 18/12/2023 GMT
    22                           ; 
    23                           ; Copyright © 2023, Microchip Technology Inc. and its subsidiaries ("Microchip")
    24                           ; All rights reserved.
    25                           ; 
    26                           ; This software is developed by Microchip Technology Inc. and its subsidiaries ("Microch
      +                          ip").
    27                           ; 
    28                           ; Redistribution and use in source and binary forms, with or without modification, are
    29                           ; permitted provided that the following conditions are met:
    30                           ; 
    31                           ;     1. Redistributions of source code must retain the above copyright notice, this lis
      +                          t of
    32                           ;        conditions and the following disclaimer.
    33                           ; 
    34                           ;     2. Redistributions in binary form must reproduce the above copyright notice, this 
      +                          list
    35                           ;        of conditions and the following disclaimer in the documentation and/or other
    36                           ;        materials provided with the distribution. Publication is not required when
    37                           ;        this file is used in an embedded application.
    38                           ; 
    39                           ;     3. Microchip's name may not be used to endorse or promote products derived from th
      +                          is
    40                           ;        software without specific prior written permission.
    41                           ; 
    42                           ; THIS SOFTWARE IS PROVIDED BY MICROCHIP "AS IS" AND ANY EXPRESS OR IMPLIED WARRANTIES,
    43                           ; INCLUDING, BUT NOT LIMITED TO, THE IMPLIED WARRANTIES OF MERCHANTABILITY AND FITNESS F
      +                          OR
    44                           ; PURPOSE ARE DISCLAIMED.  IN NO EVENT SHALL MICROCHIP BE LIABLE FOR ANY DIRECT, INDIREC
      +                          T,
    45                           ; INCIDENTAL, SPECIAL, EXEMPLARY, OR CONSEQUENTIAL DAMAGES (INCLUDING BUT NOT LIMITED TO
    46                           ; PROCUREMENT OF SUBSTITUTE GOODS OR SERVICES; LOSS OF USE, DATA OR PROFITS; OR BUSINESS
    47                           ; INTERRUPTION) HOWSOEVER CAUSED AND ON ANY THEORY OF LIABILITY, WHETHER IN CONTRACT, ST
      +                          RICT
    48                           ; LIABILITY, OR TORT (INCLUDING NEGLIGENCE OR OTHERWISE) ARISING IN ANY WAY OUT OF THE U
      +                          SE OF
    49                           ; THIS SOFTWARE, EVEN IF ADVISED OF THE POSSIBILITY OF SUCH DAMAGE.
    50                           ; 
    51                           ; 
    52                           ; Code-generator required, PIC18F57Q43 Definitions
    53                           ; 
    54                           ; SFR Addresses
    55   000000                     
    56 ;; Function _INT0_DefaultInterruptHandler is unused but had its address taken
    57   000000                     
    58 ;; Function _INT1_DefaultInterruptHandler is unused but had its address taken
    59   000000                     
    60 ;; Function _INT2_DefaultInterruptHandler is unused but had its address taken
    61   000000                     _IOCEF	set	1063
    62   000000                     _IOCEN	set	1062
    63   000000                     _IOCEP	set	1061
    64   000000                     _IOCCF	set	1047
    65   000000                     _IOCCN	set	1046
    66   000000                     _IOCCP	set	1045
    67   000000                     _IOCBF	set	1039
    68   000000                     _IOCBN	set	1038
    69   000000                     _IOCBP	set	1037
    70   000000                     _IOCAF	set	1031
    71   000000                     _IOCAN	set	1030
    72   000000                     _IOCAP	set	1029
    73   000000                     _INLVLE	set	1060
    74   000000                     _INLVLC	set	1044
    75   000000                     _INLVLB	set	1036
    76   000000                     _INLVLA	set	1028
    77   000000                     _SLRCONE	set	1059
    78   000000                     _SLRCONC	set	1043
    79   000000                     _SLRCONB	set	1035
    80   000000                     _SLRCONA	set	1027
    81   000000                     _ODCONE	set	1058
    82   000000                     _ODCONC	set	1042
    83   000000                     _ODCONB	set	1034
    84   000000                     _ODCONA	set	1026
    85   000000                     _WPUE	set	1057
    86   000000                     _WPUC	set	1041
    87   000000                     _WPUB	set	1033
    88   000000                     _WPUA	set	1025
    89   000000                     _ANSELF	set	1064
    90   000000                     _ANSELD	set	1048
    91   000000                     _ANSELC	set	1040
    92   000000                     _ANSELB	set	1032
    93   000000                     _LATE	set	1218
    94   000000                     _LATD	set	1217
    95   000000                     _LATC	set	1216
    96   000000                     _LATB	set	1215
    97   000000                     _OSCTUNE	set	176
    98   000000                     _OSCFRQ	set	177
    99   000000                     _OSCEN	set	179
   100                           
   101                           	psect	nvCOMRAM
   102   000501                     __pnvCOMRAM:
   103                           	callstack 0
   104   000501                     _INT2_InterruptHandler:
   105                           	callstack 0
   106   000501                     	ds	3
   107   000504                     _INT1_InterruptHandler:
   108                           	callstack 0
   109   000504                     	ds	3
   110   000507                     _INT0_InterruptHandler:
   111                           	callstack 0
   112   000507                     	ds	3
   113   000000                     _LATF	set	1219
   114   000000                     _ACTCON	set	172
   115   000000                     _OSCCON1	set	173
   116   000000                     _PIR1bits	set	1199
   117   000000                     _INTCON0bits	set	1238
   118   000000                     _PIR6bits	set	1204
   119   000000                     _PIR10bits	set	1208
   120   000000                     _LATA	set	1214
   121   000000                     _LATFbits	set	1219
   122   000000                     _PORTBbits	set	1231
   123   000000                     _TRISA	set	1222
   124   000000                     _OSCCON3	set	175
   125   000000                     _RC4I2C	set	646
   126   000000                     _RC3I2C	set	647
   127   000000                     _RB2I2C	set	648
   128   000000                     _RB1I2C	set	649
   129   000000                     _ANSELA	set	1024
   130   000000                     _TRISF	set	1227
   131   000000                     _TRISE	set	1226
   132   000000                     _TRISD	set	1225
   133   000000                     _TRISC	set	1224
   134   000000                     _TRISB	set	1223
   135   000000                     _INLVLD	set	1052
   136   000000                     _SLRCOND	set	1051
   137   000000                     _ODCOND	set	1050
   138   000000                     _WPUD	set	1049
   139   000000                     _ANSELE	set	1056
   140   000000                     _INLVLF	set	1068
   141   000000                     _SLRCONF	set	1067
   142   000000                     _ODCONF	set	1066
   143   000000                     _WPUF	set	1065
   144                           
   145                           ; #config settings
   146                           
   147                           	psect	cinit
   148   002686                     __pcinit:
   149                           	callstack 0
   150   002686                     start_initialization:
   151                           	callstack 0
   152   002686                     __initialization:
   153                           	callstack 0
   154   002686                     end_of_initialization:
   155                           	callstack 0
   156   002686                     __end_of__initialization:
   157                           	callstack 0
   158   002686  0100               	movlb	0
   159   002688  EF08  F013         	goto	_main	;jump to C main() function
   160                           
   161                           	psect	cstackCOMRAM
   162   00050A                     __pcstackCOMRAM:
   163                           	callstack 0
   164   00050A                     INT0_SetInterruptHandler@InterruptHandler:
   165                           	callstack 0
   166   00050A                     INT1_SetInterruptHandler@InterruptHandler:
   167                           	callstack 0
   168   00050A                     INT2_SetInterruptHandler@InterruptHandler:
   169                           	callstack 0
   170                           
   171                           ; 3 bytes @ 0x0
   172   00050A                     	ds	3
   173   00050D                     
   174                           ; 1 bytes @ 0x3
   175 ;;
   176 ;;Main: autosize = 0, tempsize = 0, incstack = 0, save=0
   177 ;;
   178 ;; *************** function _main *****************
   179 ;; Defined at:
   180 ;;		line 39 in file "main.c"
   181 ;; Parameters:    Size  Location     Type
   182 ;;		None
   183 ;; Auto vars:     Size  Location     Type
   184 ;;		None
   185 ;; Return value:  Size  Location     Type
   186 ;;                  2   93[None  ] int 
   187 ;; Registers used:
   188 ;;		wreg, status,2, status,0, cstack
   189 ;; Tracked objects:
   190 ;;		On entry : 0/0
   191 ;;		On exit  : 0/0
   192 ;;		Unchanged: 0/0
   193 ;; Data sizes:     COMRAM   BANK5   BANK6   BANK7   BANK8   BANK9  BANK10  BANK11  BANK12  BANK13  BANK14  BANK15  BANK1
      +6  BANK17  BANK18  BANK19  BANK20  BANK21  BANK22  BANK23  BANK24  BANK25  BANK26  BANK27  BANK28  BANK29  BANK30  BANK3
      +1  BANK32  BANK33  BANK34  BANK35  BANK36
   194 ;;      Params:         0       0       0       0       0       0       0       0       0       0       0       0       
      +0       0       0       0       0       0       0       0       0       0       0       0       0       0       0       
      +0       0       0       0       0       0
   195 ;;      Locals:         0       0       0       0       0       0       0       0       0       0       0       0       
      +0       0       0       0       0       0       0       0       0       0       0       0       0       0       0       
      +0       0       0       0       0       0
   196 ;;      Temps:          0       0       0       0       0       0       0       0       0       0       0       0       
      +0       0       0       0       0       0       0       0       0       0       0       0       0       0       0       
      +0       0       0       0       0       0
   197 ;;      Totals:         0       0       0       0       0       0       0       0       0       0       0       0       
      +0       0       0       0       0       0       0       0       0       0       0       0       0       0       0       
      +0       0       0       0       0       0
   198 ;;Total ram usage:        0 bytes
   199 ;; Hardware stack levels required when called: 3
   200 ;; This function calls:
   201 ;;		_SYSTEM_Initialize
   202 ;; This function is called by:
   203 ;;		Startup code after reset
   204 ;; This function uses a non-reentrant model
   205 ;;
   206                           
   207                           	psect	text0
   208   002610                     __ptext0:
   209                           	callstack 0
   210   002610                     _main:
   211                           	callstack 124
   212   002610                     
   213                           ;main.c: 41:     SYSTEM_Initialize();
   214   002610  EC27  F013         	call	_SYSTEM_Initialize	;wreg free
   215   002614                     l1028:
   216                           
   217                           ;main.c: 55:     {;main.c: 63:         if (PORTBbits.RB4==1) {
   218   002614  A8CF               	btfss	207,4,c	;volatile
   219   002616  EF0F  F013         	goto	u81
   220   00261A  EF11  F013         	goto	u80
   221   00261E                     u81:
   222   00261E  EF14  F013         	goto	l99
   223   002622                     u80:
   224   002622  96C3               	bcf	195,3,c	;volatile
   225   002624  EF0A  F013         	goto	l1028
   226   002628                     l99:
   227   002628  86C3               	bsf	195,3,c	;volatile
   228   00262A  EF0A  F013         	goto	l1028
   229   00262E  EFFE  F0FF         	goto	start
   230   002632                     __end_of_main:
   231                           	callstack 0
   232                           
   233 ;; *************** function _SYSTEM_Initialize *****************
   234 ;; Defined at:
   235 ;;		line 38 in file "mcc_generated_files/system/src/system.c"
   236 ;; Parameters:    Size  Location     Type
   237 ;;		None
   238 ;; Auto vars:     Size  Location     Type
   239 ;;		None
   240 ;; Return value:  Size  Location     Type
   241 ;;                  1    wreg      void 
   242 ;; Registers used:
   243 ;;		wreg, status,2, status,0, cstack
   244 ;; Tracked objects:
   245 ;;		On entry : 0/0
   246 ;;		On exit  : 0/0
   247 ;;		Unchanged: 0/0
   248 ;; Data sizes:     COMRAM   BANK5   BANK6   BANK7   BANK8   BANK9  BANK10  BANK11  BANK12  BANK13  BANK14  BANK15  BANK1
      +6  BANK17  BANK18  BANK19  BANK20  BANK21  BANK22  BANK23  BANK24  BANK25  BANK26  BANK27  BANK28  BANK29  BANK30  BANK3
      +1  BANK32  BANK33  BANK34  BANK35  BANK36
   249 ;;      Params:         0       0       0       0       0       0       0       0       0       0       0       0       
      +0       0       0       0       0       0       0       0       0       0       0       0       0       0       0       
      +0       0       0       0       0       0
   250 ;;      Locals:         0       0       0       0       0       0       0       0       0       0       0       0       
      +0       0       0       0       0       0       0       0       0       0       0       0       0       0       0       
      +0       0       0       0       0       0
   251 ;;      Temps:          0       0       0       0       0       0       0       0       0       0       0       0       
      +0       0       0       0       0       0       0       0       0       0       0       0       0       0       0       
      +0       0       0       0       0       0
   252 ;;      Totals:         0       0       0       0       0       0       0       0       0       0       0       0       
      +0       0       0       0       0       0       0       0       0       0       0       0       0       0       0       
      +0       0       0       0       0       0
   253 ;;Total ram usage:        0 bytes
   254 ;; Hardware stack levels used: 1
   255 ;; Hardware stack levels required when called: 2
   256 ;; This function calls:
   257 ;;		_CLOCK_Initialize
   258 ;;		_INTERRUPT_Initialize
   259 ;;		_PIN_MANAGER_Initialize
   260 ;; This function is called by:
   261 ;;		_main
   262 ;; This function uses a non-reentrant model
   263 ;;
   264                           
   265                           	psect	text1
   266   00264E                     __ptext1:
   267                           	callstack 0
   268   00264E                     _SYSTEM_Initialize:
   269                           	callstack 124
   270   00264E                     
   271                           ;mcc_generated_files/system/src/system.c: 40:     CLOCK_Initialize();
   272   00264E  EC19  F013         	call	_CLOCK_Initialize	;wreg free
   273                           
   274                           ;mcc_generated_files/system/src/system.c: 41:     PIN_MANAGER_Initialize();
   275   002652  EC81  F012         	call	_PIN_MANAGER_Initialize	;wreg free
   276   002656                     
   277                           ;mcc_generated_files/system/src/system.c: 42:     INTERRUPT_Initialize();
   278   002656  ECE8  F012         	call	_INTERRUPT_Initialize	;wreg free
   279   00265A  0012               	return		;funcret
   280   00265C                     __end_of_SYSTEM_Initialize:
   281                           	callstack 0
   282                           
   283 ;; *************** function _PIN_MANAGER_Initialize *****************
   284 ;; Defined at:
   285 ;;		line 38 in file "mcc_generated_files/system/src/pins.c"
   286 ;; Parameters:    Size  Location     Type
   287 ;;		None
   288 ;; Auto vars:     Size  Location     Type
   289 ;;		None
   290 ;; Return value:  Size  Location     Type
   291 ;;                  1    wreg      void 
   292 ;; Registers used:
   293 ;;		wreg, status,2
   294 ;; Tracked objects:
   295 ;;		On entry : 0/0
   296 ;;		On exit  : 0/0
   297 ;;		Unchanged: 0/0
   298 ;; Data sizes:     COMRAM   BANK5   BANK6   BANK7   BANK8   BANK9  BANK10  BANK11  BANK12  BANK13  BANK14  BANK15  BANK1
      +6  BANK17  BANK18  BANK19  BANK20  BANK21  BANK22  BANK23  BANK24  BANK25  BANK26  BANK27  BANK28  BANK29  BANK30  BANK3
      +1  BANK32  BANK33  BANK34  BANK35  BANK36
   299 ;;      Params:         0       0       0       0       0       0       0       0       0       0       0       0       
      +0       0       0       0       0       0       0       0       0       0       0       0       0       0       0       
      +0       0       0       0       0       0
   300 ;;      Locals:         0       0       0       0       0       0       0       0       0       0       0       0       
      +0       0       0       0       0       0       0       0       0       0       0       0       0       0       0       
      +0       0       0       0       0       0
   301 ;;      Temps:          0       0       0       0       0       0       0       0       0       0       0       0       
      +0       0       0       0       0       0       0       0       0       0       0       0       0       0       0       
      +0       0       0       0       0       0
   302 ;;      Totals:         0       0       0       0       0       0       0       0       0       0       0       0       
      +0       0       0       0       0       0       0       0       0       0       0       0       0       0       0       
      +0       0       0       0       0       0
   303 ;;Total ram usage:        0 bytes
   304 ;; Hardware stack levels used: 1
   305 ;; This function calls:
   306 ;;		Nothing
   307 ;; This function is called by:
   308 ;;		_SYSTEM_Initialize
   309 ;; This function uses a non-reentrant model
   310 ;;
   311                           
   312                           	psect	text2
   313   002502                     __ptext2:
   314                           	callstack 0
   315   002502                     _PIN_MANAGER_Initialize:
   316                           	callstack 125
   317   002502                     
   318                           ;mcc_generated_files/system/src/pins.c: 43:     LATA = 0x0;
   319   002502  0E00               	movlw	0
   320   002504  6EBE               	movwf	190,c	;volatile
   321                           
   322                           ;mcc_generated_files/system/src/pins.c: 44:     LATB = 0x0;
   323   002506  0E00               	movlw	0
   324   002508  6EBF               	movwf	191,c	;volatile
   325                           
   326                           ;mcc_generated_files/system/src/pins.c: 45:     LATC = 0x0;
   327   00250A  0E00               	movlw	0
   328   00250C  6EC0               	movwf	192,c	;volatile
   329                           
   330                           ;mcc_generated_files/system/src/pins.c: 46:     LATD = 0x0;
   331   00250E  0E00               	movlw	0
   332   002510  6EC1               	movwf	193,c	;volatile
   333                           
   334                           ;mcc_generated_files/system/src/pins.c: 47:     LATE = 0x0;
   335   002512  0E00               	movlw	0
   336   002514  6EC2               	movwf	194,c	;volatile
   337                           
   338                           ;mcc_generated_files/system/src/pins.c: 48:     LATF = 0x0;
   339   002516  0E00               	movlw	0
   340   002518  6EC3               	movwf	195,c	;volatile
   341   00251A                     
   342                           ;mcc_generated_files/system/src/pins.c: 53:     TRISA = 0xFF;
   343   00251A  68C6               	setf	198,c	;volatile
   344   00251C                     
   345                           ;mcc_generated_files/system/src/pins.c: 54:     TRISB = 0xFF;
   346   00251C  68C7               	setf	199,c	;volatile
   347   00251E                     
   348                           ;mcc_generated_files/system/src/pins.c: 55:     TRISC = 0xFF;
   349   00251E  68C8               	setf	200,c	;volatile
   350   002520                     
   351                           ;mcc_generated_files/system/src/pins.c: 56:     TRISD = 0xFF;
   352   002520  68C9               	setf	201,c	;volatile
   353                           
   354                           ;mcc_generated_files/system/src/pins.c: 57:     TRISE = 0xF;
   355   002522  0E0F               	movlw	15
   356   002524  6ECA               	movwf	202,c	;volatile
   357                           
   358                           ;mcc_generated_files/system/src/pins.c: 58:     TRISF = 0xF7;
   359   002526  0EF7               	movlw	247
   360   002528  6ECB               	movwf	203,c	;volatile
   361   00252A                     
   362                           ;mcc_generated_files/system/src/pins.c: 63:     ANSELA = 0xFF;
   363   00252A  0104               	movlb	4	; () banked
   364   00252C  6900               	setf	0,b	;volatile
   365                           
   366                           ;mcc_generated_files/system/src/pins.c: 64:     ANSELB = 0xEF;
   367   00252E  0EEF               	movlw	239
   368   002530  6F08               	movwf	8,b	;volatile
   369   002532                     
   370                           ; BSR set to: 4
   371                           ;mcc_generated_files/system/src/pins.c: 65:     ANSELC = 0xFF;
   372   002532  6910               	setf	16,b	;volatile
   373   002534                     
   374                           ; BSR set to: 4
   375                           ;mcc_generated_files/system/src/pins.c: 66:     ANSELD = 0xFF;
   376   002534  6918               	setf	24,b	;volatile
   377                           
   378                           ;mcc_generated_files/system/src/pins.c: 67:     ANSELE = 0x7;
   379   002536  0E07               	movlw	7
   380   002538  6F20               	movwf	32,b	;volatile
   381                           
   382                           ;mcc_generated_files/system/src/pins.c: 68:     ANSELF = 0xF7;
   383   00253A  0EF7               	movlw	247
   384   00253C  6F28               	movwf	40,b	;volatile
   385                           
   386                           ;mcc_generated_files/system/src/pins.c: 73:     WPUA = 0x0;
   387   00253E  0E00               	movlw	0
   388   002540  6F01               	movwf	1,b	;volatile
   389                           
   390                           ;mcc_generated_files/system/src/pins.c: 74:     WPUB = 0x10;
   391   002542  0E10               	movlw	16
   392   002544  6F09               	movwf	9,b	;volatile
   393                           
   394                           ;mcc_generated_files/system/src/pins.c: 75:     WPUC = 0x0;
   395   002546  0E00               	movlw	0
   396   002548  6F11               	movwf	17,b	;volatile
   397                           
   398                           ;mcc_generated_files/system/src/pins.c: 76:     WPUD = 0x0;
   399   00254A  0E00               	movlw	0
   400   00254C  6F19               	movwf	25,b	;volatile
   401                           
   402                           ;mcc_generated_files/system/src/pins.c: 77:     WPUE = 0x0;
   403   00254E  0E00               	movlw	0
   404   002550  6F21               	movwf	33,b	;volatile
   405                           
   406                           ;mcc_generated_files/system/src/pins.c: 78:     WPUF = 0x0;
   407   002552  0E00               	movlw	0
   408   002554  6F29               	movwf	41,b	;volatile
   409                           
   410                           ;mcc_generated_files/system/src/pins.c: 83:     ODCONA = 0x0;
   411   002556  0E00               	movlw	0
   412   002558  6F02               	movwf	2,b	;volatile
   413                           
   414                           ;mcc_generated_files/system/src/pins.c: 84:     ODCONB = 0x0;
   415   00255A  0E00               	movlw	0
   416   00255C  6F0A               	movwf	10,b	;volatile
   417                           
   418                           ;mcc_generated_files/system/src/pins.c: 85:     ODCONC = 0x0;
   419   00255E  0E00               	movlw	0
   420   002560  6F12               	movwf	18,b	;volatile
   421                           
   422                           ;mcc_generated_files/system/src/pins.c: 86:     ODCOND = 0x0;
   423   002562  0E00               	movlw	0
   424   002564  6F1A               	movwf	26,b	;volatile
   425                           
   426                           ;mcc_generated_files/system/src/pins.c: 87:     ODCONE = 0x0;
   427   002566  0E00               	movlw	0
   428   002568  6F22               	movwf	34,b	;volatile
   429                           
   430                           ;mcc_generated_files/system/src/pins.c: 88:     ODCONF = 0x0;
   431   00256A  0E00               	movlw	0
   432   00256C  6F2A               	movwf	42,b	;volatile
   433   00256E                     
   434                           ; BSR set to: 4
   435                           ;mcc_generated_files/system/src/pins.c: 93:     SLRCONA = 0xFF;
   436   00256E  6903               	setf	3,b	;volatile
   437   002570                     
   438                           ; BSR set to: 4
   439                           ;mcc_generated_files/system/src/pins.c: 94:     SLRCONB = 0xFF;
   440   002570  690B               	setf	11,b	;volatile
   441   002572                     
   442                           ; BSR set to: 4
   443                           ;mcc_generated_files/system/src/pins.c: 95:     SLRCONC = 0xFF;
   444   002572  6913               	setf	19,b	;volatile
   445   002574                     
   446                           ; BSR set to: 4
   447                           ;mcc_generated_files/system/src/pins.c: 96:     SLRCOND = 0xFF;
   448   002574  691B               	setf	27,b	;volatile
   449                           
   450                           ;mcc_generated_files/system/src/pins.c: 97:     SLRCONE = 0x7;
   451   002576  0E07               	movlw	7
   452   002578  6F23               	movwf	35,b	;volatile
   453   00257A                     
   454                           ; BSR set to: 4
   455                           ;mcc_generated_files/system/src/pins.c: 98:     SLRCONF = 0xFF;
   456   00257A  692B               	setf	43,b	;volatile
   457   00257C                     
   458                           ; BSR set to: 4
   459                           ;mcc_generated_files/system/src/pins.c: 103:     INLVLA = 0xFF;
   460   00257C  6904               	setf	4,b	;volatile
   461   00257E                     
   462                           ; BSR set to: 4
   463                           ;mcc_generated_files/system/src/pins.c: 104:     INLVLB = 0xFF;
   464   00257E  690C               	setf	12,b	;volatile
   465   002580                     
   466                           ; BSR set to: 4
   467                           ;mcc_generated_files/system/src/pins.c: 105:     INLVLC = 0xFF;
   468   002580  6914               	setf	20,b	;volatile
   469   002582                     
   470                           ; BSR set to: 4
   471                           ;mcc_generated_files/system/src/pins.c: 106:     INLVLD = 0xFF;
   472   002582  691C               	setf	28,b	;volatile
   473                           
   474                           ;mcc_generated_files/system/src/pins.c: 107:     INLVLE = 0xF;
   475   002584  0E0F               	movlw	15
   476   002586  6F24               	movwf	36,b	;volatile
   477   002588                     
   478                           ; BSR set to: 4
   479                           ;mcc_generated_files/system/src/pins.c: 108:     INLVLF = 0xFF;
   480   002588  692C               	setf	44,b	;volatile
   481                           
   482                           ;mcc_generated_files/system/src/pins.c: 113:     RB1I2C = 0x0;
   483   00258A  0E00               	movlw	0
   484   00258C  0102               	movlb	2	; () banked
   485   00258E  6F89               	movwf	137,b	;volatile
   486                           
   487                           ;mcc_generated_files/system/src/pins.c: 114:     RB2I2C = 0x0;
   488   002590  0E00               	movlw	0
   489   002592  6F88               	movwf	136,b	;volatile
   490                           
   491                           ;mcc_generated_files/system/src/pins.c: 115:     RC3I2C = 0x0;
   492   002594  0E00               	movlw	0
   493   002596  6F87               	movwf	135,b	;volatile
   494                           
   495                           ;mcc_generated_files/system/src/pins.c: 116:     RC4I2C = 0x0;
   496   002598  0E00               	movlw	0
   497   00259A  6F86               	movwf	134,b	;volatile
   498                           
   499                           ;mcc_generated_files/system/src/pins.c: 124:     IOCAP = 0x0;
   500   00259C  0E00               	movlw	0
   501   00259E  0104               	movlb	4	; () banked
   502   0025A0  6F05               	movwf	5,b	;volatile
   503                           
   504                           ;mcc_generated_files/system/src/pins.c: 125:     IOCAN = 0x0;
   505   0025A2  0E00               	movlw	0
   506   0025A4  6F06               	movwf	6,b	;volatile
   507                           
   508                           ;mcc_generated_files/system/src/pins.c: 126:     IOCAF = 0x0;
   509   0025A6  0E00               	movlw	0
   510   0025A8  6F07               	movwf	7,b	;volatile
   511                           
   512                           ;mcc_generated_files/system/src/pins.c: 127:     IOCBP = 0x0;
   513   0025AA  0E00               	movlw	0
   514   0025AC  6F0D               	movwf	13,b	;volatile
   515                           
   516                           ;mcc_generated_files/system/src/pins.c: 128:     IOCBN = 0x0;
   517   0025AE  0E00               	movlw	0
   518   0025B0  6F0E               	movwf	14,b	;volatile
   519                           
   520                           ;mcc_generated_files/system/src/pins.c: 129:     IOCBF = 0x0;
   521   0025B2  0E00               	movlw	0
   522   0025B4  6F0F               	movwf	15,b	;volatile
   523                           
   524                           ;mcc_generated_files/system/src/pins.c: 130:     IOCCP = 0x0;
   525   0025B6  0E00               	movlw	0
   526   0025B8  6F15               	movwf	21,b	;volatile
   527                           
   528                           ;mcc_generated_files/system/src/pins.c: 131:     IOCCN = 0x0;
   529   0025BA  0E00               	movlw	0
   530   0025BC  6F16               	movwf	22,b	;volatile
   531                           
   532                           ;mcc_generated_files/system/src/pins.c: 132:     IOCCF = 0x0;
   533   0025BE  0E00               	movlw	0
   534   0025C0  6F17               	movwf	23,b	;volatile
   535                           
   536                           ;mcc_generated_files/system/src/pins.c: 133:     IOCEP = 0x0;
   537   0025C2  0E00               	movlw	0
   538   0025C4  6F25               	movwf	37,b	;volatile
   539                           
   540                           ;mcc_generated_files/system/src/pins.c: 134:     IOCEN = 0x0;
   541   0025C6  0E00               	movlw	0
   542   0025C8  6F26               	movwf	38,b	;volatile
   543                           
   544                           ;mcc_generated_files/system/src/pins.c: 135:     IOCEF = 0x0;
   545   0025CA  0E00               	movlw	0
   546   0025CC  6F27               	movwf	39,b	;volatile
   547   0025CE                     
   548                           ; BSR set to: 4
   549   0025CE  0012               	return		;funcret
   550   0025D0                     __end_of_PIN_MANAGER_Initialize:
   551                           	callstack 0
   552                           
   553 ;; *************** function _INTERRUPT_Initialize *****************
   554 ;; Defined at:
   555 ;;		line 42 in file "mcc_generated_files/system/src/interrupt.c"
   556 ;; Parameters:    Size  Location     Type
   557 ;;		None
   558 ;; Auto vars:     Size  Location     Type
   559 ;;		None
   560 ;; Return value:  Size  Location     Type
   561 ;;                  1    wreg      void 
   562 ;; Registers used:
   563 ;;		wreg, status,2, status,0, cstack
   564 ;; Tracked objects:
   565 ;;		On entry : 0/0
   566 ;;		On exit  : 0/0
   567 ;;		Unchanged: 0/0
   568 ;; Data sizes:     COMRAM   BANK5   BANK6   BANK7   BANK8   BANK9  BANK10  BANK11  BANK12  BANK13  BANK14  BANK15  BANK1
      +6  BANK17  BANK18  BANK19  BANK20  BANK21  BANK22  BANK23  BANK24  BANK25  BANK26  BANK27  BANK28  BANK29  BANK30  BANK3
      +1  BANK32  BANK33  BANK34  BANK35  BANK36
   569 ;;      Params:         0       0       0       0       0       0       0       0       0       0       0       0       
      +0       0       0       0       0       0       0       0       0       0       0       0       0       0       0       
      +0       0       0       0       0       0
   570 ;;      Locals:         0       0       0       0       0       0       0       0       0       0       0       0       
      +0       0       0       0       0       0       0       0       0       0       0       0       0       0       0       
      +0       0       0       0       0       0
   571 ;;      Temps:          0       0       0       0       0       0       0       0       0       0       0       0       
      +0       0       0       0       0       0       0       0       0       0       0       0       0       0       0       
      +0       0       0       0       0       0
   572 ;;      Totals:         0       0       0       0       0       0       0       0       0       0       0       0       
      +0       0       0       0       0       0       0       0       0       0       0       0       0       0       0       
      +0       0       0       0       0       0
   573 ;;Total ram usage:        0 bytes
   574 ;; Hardware stack levels used: 1
   575 ;; Hardware stack levels required when called: 1
   576 ;; This function calls:
   577 ;;		_INT0_SetInterruptHandler
   578 ;;		_INT1_SetInterruptHandler
   579 ;;		_INT2_SetInterruptHandler
   580 ;; This function is called by:
   581 ;;		_SYSTEM_Initialize
   582 ;; This function uses a non-reentrant model
   583 ;;
   584                           
   585                           	psect	text3
   586   0025D0                     __ptext3:
   587                           	callstack 0
   588   0025D0                     _INTERRUPT_Initialize:
   589                           	callstack 124
   590   0025D0                     
   591                           ;mcc_generated_files/system/src/interrupt.c: 45:     INTCON0bits.IPEN = 0;
   592   0025D0  9AD6               	bcf	214,5,c	;volatile
   593                           
   594                           ;mcc_generated_files/system/src/interrupt.c: 49:     (PIR1bits.INT0IF = 0);
   595   0025D2  90AF               	bcf	175,0,c	;volatile
   596                           
   597                           ;mcc_generated_files/system/src/interrupt.c: 50:     (INTCON0bits.INT0EDG = 1);
   598   0025D4  80D6               	bsf	214,0,c	;volatile
   599   0025D6                     
   600                           ;mcc_generated_files/system/src/interrupt.c: 52:     INT0_SetInterruptHandler(INT0_Defau
      +                          ltInterruptHandler);
   601   0025D6  0E00               	movlw	0
   602   0025D8  6E0A               	movwf	INT0_SetInterruptHandler@InterruptHandler^(0+1280),c
   603   0025DA  0E00               	movlw	0
   604   0025DC  6E0B               	movwf	(INT0_SetInterruptHandler@InterruptHandler+1)^(0+1280),c
   605   0025DE  0E00               	movlw	0
   606   0025E0  6E0C               	movwf	(INT0_SetInterruptHandler@InterruptHandler+2)^(0+1280),c
   607   0025E2  EC3C  F013         	call	_INT0_SetInterruptHandler	;wreg free
   608   0025E6                     
   609                           ;mcc_generated_files/system/src/interrupt.c: 57:     (PIR6bits.INT1IF = 0);
   610   0025E6  90B4               	bcf	180,0,c	;volatile
   611   0025E8                     
   612                           ;mcc_generated_files/system/src/interrupt.c: 58:     (INTCON0bits.INT1EDG = 1);
   613   0025E8  82D6               	bsf	214,1,c	;volatile
   614                           
   615                           ;mcc_generated_files/system/src/interrupt.c: 60:     INT1_SetInterruptHandler(INT1_Defau
      +                          ltInterruptHandler);
   616   0025EA  0E00               	movlw	0
   617   0025EC  6E0A               	movwf	INT1_SetInterruptHandler@InterruptHandler^(0+1280),c
   618   0025EE  0E00               	movlw	0
   619   0025F0  6E0B               	movwf	(INT1_SetInterruptHandler@InterruptHandler+1)^(0+1280),c
   620   0025F2  0E00               	movlw	0
   621   0025F4  6E0C               	movwf	(INT1_SetInterruptHandler@InterruptHandler+2)^(0+1280),c
   622   0025F6  EC35  F013         	call	_INT1_SetInterruptHandler	;wreg free
   623   0025FA                     
   624                           ;mcc_generated_files/system/src/interrupt.c: 65:     (PIR10bits.INT2IF = 0);
   625   0025FA  90B8               	bcf	184,0,c	;volatile
   626   0025FC                     
   627                           ;mcc_generated_files/system/src/interrupt.c: 66:     (INTCON0bits.INT2EDG = 1);
   628   0025FC  84D6               	bsf	214,2,c	;volatile
   629                           
   630                           ;mcc_generated_files/system/src/interrupt.c: 68:     INT2_SetInterruptHandler(INT2_Defau
      +                          ltInterruptHandler);
   631   0025FE  0E00               	movlw	0
   632   002600  6E0A               	movwf	INT2_SetInterruptHandler@InterruptHandler^(0+1280),c
   633   002602  0E00               	movlw	0
   634   002604  6E0B               	movwf	(INT2_SetInterruptHandler@InterruptHandler+1)^(0+1280),c
   635   002606  0E00               	movlw	0
   636   002608  6E0C               	movwf	(INT2_SetInterruptHandler@InterruptHandler+2)^(0+1280),c
   637   00260A  EC2E  F013         	call	_INT2_SetInterruptHandler	;wreg free
   638   00260E  0012               	return		;funcret
   639   002610                     __end_of_INTERRUPT_Initialize:
   640                           	callstack 0
   641                           
   642 ;; *************** function _INT2_SetInterruptHandler *****************
   643 ;; Defined at:
   644 ;;		line 144 in file "mcc_generated_files/system/src/interrupt.c"
   645 ;; Parameters:    Size  Location     Type
   646 ;;  InterruptHan    3    0[COMRAM] PTR FTN()void 
   647 ;;		 -> INT2_DefaultInterruptHandler(1), 
   648 ;; Auto vars:     Size  Location     Type
   649 ;;		None
   650 ;; Return value:  Size  Location     Type
   651 ;;                  1    wreg      void 
   652 ;; Registers used:
   653 ;;		wreg, status,2, status,0
   654 ;; Tracked objects:
   655 ;;		On entry : 0/0
   656 ;;		On exit  : 0/0
   657 ;;		Unchanged: 0/0
   658 ;; Data sizes:     COMRAM   BANK5   BANK6   BANK7   BANK8   BANK9  BANK10  BANK11  BANK12  BANK13  BANK14  BANK15  BANK1
      +6  BANK17  BANK18  BANK19  BANK20  BANK21  BANK22  BANK23  BANK24  BANK25  BANK26  BANK27  BANK28  BANK29  BANK30  BANK3
      +1  BANK32  BANK33  BANK34  BANK35  BANK36
   659 ;;      Params:         3       0       0       0       0       0       0       0       0       0       0       0       
      +0       0       0       0       0       0       0       0       0       0       0       0       0       0       0       
      +0       0       0       0       0       0
   660 ;;      Locals:         0       0       0       0       0       0       0       0       0       0       0       0       
      +0       0       0       0       0       0       0       0       0       0       0       0       0       0       0       
      +0       0       0       0       0       0
   661 ;;      Temps:          0       0       0       0       0       0       0       0       0       0       0       0       
      +0       0       0       0       0       0       0       0       0       0       0       0       0       0       0       
      +0       0       0       0       0       0
   662 ;;      Totals:         3       0       0       0       0       0       0       0       0       0       0       0       
      +0       0       0       0       0       0       0       0       0       0       0       0       0       0       0       
      +0       0       0       0       0       0
   663 ;;Total ram usage:        3 bytes
   664 ;; Hardware stack levels used: 1
   665 ;; This function calls:
   666 ;;		Nothing
   667 ;; This function is called by:
   668 ;;		_INTERRUPT_Initialize
   669 ;; This function uses a non-reentrant model
   670 ;;
   671                           
   672                           	psect	text4
   673   00265C                     __ptext4:
   674                           	callstack 0
   675   00265C                     _INT2_SetInterruptHandler:
   676                           	callstack 124
   677   00265C                     
   678                           ;mcc_generated_files/system/src/interrupt.c: 145:     INT2_InterruptHandler = InterruptH
      +                          andler;
   679   00265C  C50A  F501         	movff	INT2_SetInterruptHandler@InterruptHandler,_INT2_InterruptHandler
   680   002660  C50B  F502         	movff	INT2_SetInterruptHandler@InterruptHandler+1,_INT2_InterruptHandler+1
   681   002664  C50C  F503         	movff	INT2_SetInterruptHandler@InterruptHandler+2,_INT2_InterruptHandler+2
   682   002668  0012               	return		;funcret
   683   00266A                     __end_of_INT2_SetInterruptHandler:
   684                           	callstack 0
   685                           
   686 ;; *************** function _INT1_SetInterruptHandler *****************
   687 ;; Defined at:
   688 ;;		line 118 in file "mcc_generated_files/system/src/interrupt.c"
   689 ;; Parameters:    Size  Location     Type
   690 ;;  InterruptHan    3    0[COMRAM] PTR FTN()void 
   691 ;;		 -> INT1_DefaultInterruptHandler(1), 
   692 ;; Auto vars:     Size  Location     Type
   693 ;;		None
   694 ;; Return value:  Size  Location     Type
   695 ;;                  1    wreg      void 
   696 ;; Registers used:
   697 ;;		wreg, status,2, status,0
   698 ;; Tracked objects:
   699 ;;		On entry : 0/0
   700 ;;		On exit  : 0/0
   701 ;;		Unchanged: 0/0
   702 ;; Data sizes:     COMRAM   BANK5   BANK6   BANK7   BANK8   BANK9  BANK10  BANK11  BANK12  BANK13  BANK14  BANK15  BANK1
      +6  BANK17  BANK18  BANK19  BANK20  BANK21  BANK22  BANK23  BANK24  BANK25  BANK26  BANK27  BANK28  BANK29  BANK30  BANK3
      +1  BANK32  BANK33  BANK34  BANK35  BANK36
   703 ;;      Params:         3       0       0       0       0       0       0       0       0       0       0       0       
      +0       0       0       0       0       0       0       0       0       0       0       0       0       0       0       
      +0       0       0       0       0       0
   704 ;;      Locals:         0       0       0       0       0       0       0       0       0       0       0       0       
      +0       0       0       0       0       0       0       0       0       0       0       0       0       0       0       
      +0       0       0       0       0       0
   705 ;;      Temps:          0       0       0       0       0       0       0       0       0       0       0       0       
      +0       0       0       0       0       0       0       0       0       0       0       0       0       0       0       
      +0       0       0       0       0       0
   706 ;;      Totals:         3       0       0       0       0       0       0       0       0       0       0       0       
      +0       0       0       0       0       0       0       0       0       0       0       0       0       0       0       
      +0       0       0       0       0       0
   707 ;;Total ram usage:        3 bytes
   708 ;; Hardware stack levels used: 1
   709 ;; This function calls:
   710 ;;		Nothing
   711 ;; This function is called by:
   712 ;;		_INTERRUPT_Initialize
   713 ;; This function uses a non-reentrant model
   714 ;;
   715                           
   716                           	psect	text5
   717   00266A                     __ptext5:
   718                           	callstack 0
   719   00266A                     _INT1_SetInterruptHandler:
   720                           	callstack 124
   721   00266A                     
   722                           ;mcc_generated_files/system/src/interrupt.c: 119:     INT1_InterruptHandler = InterruptH
      +                          andler;
   723   00266A  C50A  F504         	movff	INT1_SetInterruptHandler@InterruptHandler,_INT1_InterruptHandler
   724   00266E  C50B  F505         	movff	INT1_SetInterruptHandler@InterruptHandler+1,_INT1_InterruptHandler+1
   725   002672  C50C  F506         	movff	INT1_SetInterruptHandler@InterruptHandler+2,_INT1_InterruptHandler+2
   726   002676  0012               	return		;funcret
   727   002678                     __end_of_INT1_SetInterruptHandler:
   728                           	callstack 0
   729                           
   730 ;; *************** function _INT0_SetInterruptHandler *****************
   731 ;; Defined at:
   732 ;;		line 92 in file "mcc_generated_files/system/src/interrupt.c"
   733 ;; Parameters:    Size  Location     Type
   734 ;;  InterruptHan    3    0[COMRAM] PTR FTN()void 
   735 ;;		 -> INT0_DefaultInterruptHandler(1), 
   736 ;; Auto vars:     Size  Location     Type
   737 ;;		None
   738 ;; Return value:  Size  Location     Type
   739 ;;                  1    wreg      void 
   740 ;; Registers used:
   741 ;;		wreg, status,2, status,0
   742 ;; Tracked objects:
   743 ;;		On entry : 0/0
   744 ;;		On exit  : 0/0
   745 ;;		Unchanged: 0/0
   746 ;; Data sizes:     COMRAM   BANK5   BANK6   BANK7   BANK8   BANK9  BANK10  BANK11  BANK12  BANK13  BANK14  BANK15  BANK1
      +6  BANK17  BANK18  BANK19  BANK20  BANK21  BANK22  BANK23  BANK24  BANK25  BANK26  BANK27  BANK28  BANK29  BANK30  BANK3
      +1  BANK32  BANK33  BANK34  BANK35  BANK36
   747 ;;      Params:         3       0       0       0       0       0       0       0       0       0       0       0       
      +0       0       0       0       0       0       0       0       0       0       0       0       0       0       0       
      +0       0       0       0       0       0
   748 ;;      Locals:         0       0       0       0       0       0       0       0       0       0       0       0       
      +0       0       0       0       0       0       0       0       0       0       0       0       0       0       0       
      +0       0       0       0       0       0
   749 ;;      Temps:          0       0       0       0       0       0       0       0       0       0       0       0       
      +0       0       0       0       0       0       0       0       0       0       0       0       0       0       0       
      +0       0       0       0       0       0
   750 ;;      Totals:         3       0       0       0       0       0       0       0       0       0       0       0       
      +0       0       0       0       0       0       0       0       0       0       0       0       0       0       0       
      +0       0       0       0       0       0
   751 ;;Total ram usage:        3 bytes
   752 ;; Hardware stack levels used: 1
   753 ;; This function calls:
   754 ;;		Nothing
   755 ;; This function is called by:
   756 ;;		_INTERRUPT_Initialize
   757 ;; This function uses a non-reentrant model
   758 ;;
   759                           
   760                           	psect	text6
   761   002678                     __ptext6:
   762                           	callstack 0
   763   002678                     _INT0_SetInterruptHandler:
   764                           	callstack 124
   765   002678                     
   766                           ;mcc_generated_files/system/src/interrupt.c: 93:     INT0_InterruptHandler = InterruptHa
      +                          ndler;
   767   002678  C50A  F507         	movff	INT0_SetInterruptHandler@InterruptHandler,_INT0_InterruptHandler
   768   00267C  C50B  F508         	movff	INT0_SetInterruptHandler@InterruptHandler+1,_INT0_InterruptHandler+1
   769   002680  C50C  F509         	movff	INT0_SetInterruptHandler@InterruptHandler+2,_INT0_InterruptHandler+2
   770   002684  0012               	return		;funcret
   771   002686                     __end_of_INT0_SetInterruptHandler:
   772                           	callstack 0
   773                           
   774 ;; *************** function _CLOCK_Initialize *****************
   775 ;; Defined at:
   776 ;;		line 37 in file "mcc_generated_files/system/src/clock.c"
   777 ;; Parameters:    Size  Location     Type
   778 ;;		None
   779 ;; Auto vars:     Size  Location     Type
   780 ;;		None
   781 ;; Return value:  Size  Location     Type
   782 ;;                  1    wreg      void 
   783 ;; Registers used:
   784 ;;		wreg, status,2
   785 ;; Tracked objects:
   786 ;;		On entry : 0/0
   787 ;;		On exit  : 0/0
   788 ;;		Unchanged: 0/0
   789 ;; Data sizes:     COMRAM   BANK5   BANK6   BANK7   BANK8   BANK9  BANK10  BANK11  BANK12  BANK13  BANK14  BANK15  BANK1
      +6  BANK17  BANK18  BANK19  BANK20  BANK21  BANK22  BANK23  BANK24  BANK25  BANK26  BANK27  BANK28  BANK29  BANK30  BANK3
      +1  BANK32  BANK33  BANK34  BANK35  BANK36
   790 ;;      Params:         0       0       0       0       0       0       0       0       0       0       0       0       
      +0       0       0       0       0       0       0       0       0       0       0       0       0       0       0       
      +0       0       0       0       0       0
   791 ;;      Locals:         0       0       0       0       0       0       0       0       0       0       0       0       
      +0       0       0       0       0       0       0       0       0       0       0       0       0       0       0       
      +0       0       0       0       0       0
   792 ;;      Temps:          0       0       0       0       0       0       0       0       0       0       0       0       
      +0       0       0       0       0       0       0       0       0       0       0       0       0       0       0       
      +0       0       0       0       0       0
   793 ;;      Totals:         0       0       0       0       0       0       0       0       0       0       0       0       
      +0       0       0       0       0       0       0       0       0       0       0       0       0       0       0       
      +0       0       0       0       0       0
   794 ;;Total ram usage:        0 bytes
   795 ;; Hardware stack levels used: 1
   796 ;; This function calls:
   797 ;;		Nothing
   798 ;; This function is called by:
   799 ;;		_SYSTEM_Initialize
   800 ;; This function uses a non-reentrant model
   801 ;;
   802                           
   803                           	psect	text7
   804   002632                     __ptext7:
   805                           	callstack 0
   806   002632                     _CLOCK_Initialize:
   807                           	callstack 125
   808   002632                     
   809                           ;mcc_generated_files/system/src/clock.c: 41:     OSCCON1 = 0x60;
   810   002632  0E60               	movlw	96
   811   002634  0100               	movlb	0	; () banked
   812   002636  6FAD               	movwf	173,b	;volatile
   813                           
   814                           ;mcc_generated_files/system/src/clock.c: 43:     OSCCON3 = 0x0;
   815   002638  0E00               	movlw	0
   816   00263A  6FAF               	movwf	175,b	;volatile
   817                           
   818                           ;mcc_generated_files/system/src/clock.c: 45:     OSCEN = 0x0;
   819   00263C  0E00               	movlw	0
   820   00263E  6FB3               	movwf	179,b	;volatile
   821                           
   822                           ;mcc_generated_files/system/src/clock.c: 47:     OSCFRQ = 0x8;
   823   002640  0E08               	movlw	8
   824   002642  6FB1               	movwf	177,b	;volatile
   825                           
   826                           ;mcc_generated_files/system/src/clock.c: 49:     OSCTUNE = 0x0;
   827   002644  0E00               	movlw	0
   828   002646  6FB0               	movwf	176,b	;volatile
   829                           
   830                           ;mcc_generated_files/system/src/clock.c: 51:     ACTCON = 0x0;
   831   002648  0E00               	movlw	0
   832   00264A  6FAC               	movwf	172,b	;volatile
   833   00264C                     
   834                           ; BSR set to: 0
   835   00264C  0012               	return		;funcret
   836   00264E                     __end_of_CLOCK_Initialize:
   837                           	callstack 0
   838                           
   839                           	psect	smallconst
   840   002500                     __psmallconst:
   841                           	callstack 0
   842   002500  00                 	db	0
   843   002501  00                 	db	0	; dummy byte at the end
   844   000000                     
   845                           	psect	rparam
   846   000000                     
   847                           	psect	config
   848                           
   849                           ;Config register CONFIG1 @ 0x300000
   850                           ;	External Oscillator Selection
   851                           ;	FEXTOSC = ECH, EC (external clock) above 8 MHz
   852                           ;	Reset Oscillator Selection
   853                           ;	RSTOSC = EXTOSC, EXTOSC operating per FEXTOSC bits (device manufacturing default)
   854   300000                     	org	3145728
   855   300000  FF                 	db	255
   856                           
   857                           ;Config register CONFIG2 @ 0x300001
   858                           ;	Clock out Enable bit
   859                           ;	CLKOUTEN = OFF, CLKOUT function is disabled
   860                           ;	PRLOCKED One-Way Set Enable bit
   861                           ;	PR1WAY = ON, PRLOCKED bit can be cleared and set only once
   862                           ;	Clock Switch Enable bit
   863                           ;	CSWEN = ON, Writing to NOSC and NDIV is allowed
   864                           ;	Fail-Safe Clock Monitor Enable bit
   865                           ;	FCMEN = ON, Fail-Safe Clock Monitor enabled
   866   300001                     	org	3145729
   867   300001  FF                 	db	255
   868                           
   869                           ;Config register CONFIG3 @ 0x300002
   870                           ;	MCLR Enable bit
   871                           ;	MCLRE = EXTMCLR, If LVP = 0, MCLR pin is MCLR; If LVP = 1, RE3 pin function is MCLR
   872                           ;	Power-up timer selection bits
   873                           ;	PWRTS = PWRT_OFF, PWRT is disabled
   874                           ;	Multi-vector enable bit
   875                           ;	MVECEN = OFF, Interrupt contoller does not use vector table to prioritze interrupts
   876                           ;	IVTLOCK bit One-way set enable bit
   877                           ;	IVT1WAY = ON, IVTLOCKED bit can be cleared and set only once
   878                           ;	Low Power BOR Enable bit
   879                           ;	LPBOREN = OFF, Low-Power BOR disabled
   880                           ;	Brown-out Reset Enable bits
   881                           ;	BOREN = SBORDIS, Brown-out Reset enabled , SBOREN bit is ignored
   882   300002                     	org	3145730
   883   300002  F7                 	db	247
   884                           
   885                           ;Config register CONFIG4 @ 0x300003
   886                           ;	Brown-out Reset Voltage Selection bits
   887                           ;	BORV = VBOR_1P9, Brown-out Reset Voltage (VBOR) set to 1.9V
   888                           ;	ZCD Disable bit
   889                           ;	ZCD = OFF, ZCD module is disabled. ZCD can be enabled by setting the ZCDSEN bit of ZCD
      +                          CON
   890                           ;	PPSLOCK bit One-Way Set Enable bit
   891                           ;	PPS1WAY = ON, PPSLOCKED bit can be cleared and set only once; PPS registers remain loc
      +                          ked after one clear/set cycle
   892                           ;	Stack Full/Underflow Reset Enable bit
   893                           ;	STVREN = ON, Stack full/underflow will cause Reset
   894                           ;	Low Voltage Programming Enable bit
   895                           ;	LVP = ON, Low voltage programming enabled. MCLR/VPP pin function is MCLR. MCLRE config
      +                          uration bit is ignored
   896                           ;	Extended Instruction Set Enable bit
   897                           ;	XINST = OFF, Extended Instruction Set and Indexed Addressing Mode disabled
   898   300003                     	org	3145731
   899   300003  FF                 	db	255
   900                           
   901                           ;Config register CONFIG5 @ 0x300004
   902                           ;	WDT Period selection bits
   903                           ;	WDTCPS = WDTCPS_31, Divider ratio 1:65536; software control of WDTPS
   904                           ;	WDT operating mode
   905                           ;	WDTE = OFF, WDT Disabled; SWDTEN is ignored
   906   300004                     	org	3145732
   907   300004  9F                 	db	159
   908                           
   909                           ;Config register CONFIG6 @ 0x300005
   910                           ;	WDT Window Select bits
   911                           ;	WDTCWS = WDTCWS_7, window always open (100%); software control; keyed access not requi
      +                          red
   912                           ;	WDT input clock selector
   913                           ;	WDTCCS = SC, Software Control
   914   300005                     	org	3145733
   915   300005  FF                 	db	255
   916                           
   917                           ;Config register CONFIG7 @ 0x300006
   918                           ;	Boot Block Size selection bits
   919                           ;	BBSIZE = BBSIZE_512, Boot Block size is 512 words
   920                           ;	Boot Block enable bit
   921                           ;	BBEN = OFF, Boot block disabled
   922                           ;	Storage Area Flash enable bit
   923                           ;	SAFEN = OFF, SAF disabled
   924                           ;	Background Debugger
   925                           ;	DEBUG = 0x1, unprogrammed default
   926   300006                     	org	3145734
   927   300006  FF                 	db	255
   928                           
   929                           ;Config register CONFIG8 @ 0x300007
   930                           ;	Boot Block Write Protection bit
   931                           ;	WRTB = OFF, Boot Block not Write protected
   932                           ;	Configuration Register Write Protection bit
   933                           ;	WRTC = OFF, Configuration registers not Write protected
   934                           ;	Data EEPROM Write Protection bit
   935                           ;	WRTD = OFF, Data EEPROM not Write protected
   936                           ;	SAF Write protection bit
   937                           ;	WRTSAF = OFF, SAF not Write Protected
   938                           ;	Application Block write protection bit
   939                           ;	WRTAPP = OFF, Application Block not write protected
   940   300007                     	org	3145735
   941   300007  FF                 	db	255
   942                           
   943                           ;Config register CONFIG10 @ 0x300009
   944                           ;	PFM and Data EEPROM Code Protection bit
   945                           ;	CP = OFF, PFM and Data EEPROM code protection disabled
   946   300009                     	org	3145737
   947   300009  FF                 	db	255
   948                           tosu	equ	0x4FF
   949                           tosh	equ	0x4FE
   950                           tosl	equ	0x4FD
   951                           stkptr	equ	0x4FC
   952                           pclatu	equ	0x4FB
   953                           pclath	equ	0x4FA
   954                           pcl	equ	0x4F9
   955                           tblptru	equ	0x4F8
   956                           tblptrh	equ	0x4F7
   957                           tblptrl	equ	0x4F6
   958                           tablat	equ	0x4F5
   959                           prodh	equ	0x4F4
   960                           prodl	equ	0x4F3
   961                           indf0	equ	0x4EF
   962                           postinc0	equ	0x4EE
   963                           postdec0	equ	0x4ED
   964                           preinc0	equ	0x4EC
   965                           plusw0	equ	0x4EB
   966                           fsr0h	equ	0x4EA
   967                           fsr0l	equ	0x4E9
   968                           wreg	equ	0x4E8
   969                           indf1	equ	0x4E7
   970                           postinc1	equ	0x4E6
   971                           postdec1	equ	0x4E5
   972                           preinc1	equ	0x4E4
   973                           plusw1	equ	0x4E3
   974                           fsr1h	equ	0x4E2
   975                           fsr1l	equ	0x4E1
   976                           bsr	equ	0x4E0
   977                           indf2	equ	0x4DF
   978                           postinc2	equ	0x4DE
   979                           postdec2	equ	0x4DD
   980                           preinc2	equ	0x4DC
   981                           plusw2	equ	0x4DB
   982                           fsr2h	equ	0x4DA
   983                           fsr2l	equ	0x4D9
   984                           status	equ	0x4D8

Data Sizes:
    Strings     0
    Constant    0
    Data        0
    BSS         0
    Persistent  9
    Stack       0

Auto Spaces:
    Space          Size  Autos    Used
    COMRAM           95      3      12
    BANK5           160      0       0
    BANK6           256      0       0
    BANK7           256      0       0
    BANK8           256      0       0
    BANK9           256      0       0
    BANK10          256      0       0
    BANK11          256      0       0
    BANK12          256      0       0
    BANK13          256      0       0
    BANK14          256      0       0
    BANK15          256      0       0
    BANK16          256      0       0
    BANK17          256      0       0
    BANK18          256      0       0
    BANK19          256      0       0
    BANK20          256      0       0
    BANK21          256      0       0
    BANK22          256      0       0
    BANK23          256      0       0
    BANK24          256      0       0
    BANK25          256      0       0
    BANK26          256      0       0
    BANK27          256      0       0
    BANK28          256      0       0
    BANK29          256      0       0
    BANK30          256      0       0
    BANK31          256      0       0
    BANK32          256      0       0
    BANK33          256      0       0
    BANK34          256      0       0
    BANK35          256      0       0
    BANK36          256      0       0

Pointer List with Targets:

    INT0_InterruptHandler	PTR FTN()void  size(3) Largest target is 1
		 -> INT0_DefaultInterruptHandler(), NULL(), 

    INT0_SetInterruptHandler@InterruptHandler	PTR FTN()void  size(3) Largest target is 1
		 -> INT0_DefaultInterruptHandler(), 

    INT1_InterruptHandler	PTR FTN()void  size(3) Largest target is 1
		 -> INT1_DefaultInterruptHandler(), NULL(), 

    INT1_SetInterruptHandler@InterruptHandler	PTR FTN()void  size(3) Largest target is 1
		 -> INT1_DefaultInterruptHandler(), 

    INT2_InterruptHandler	PTR FTN()void  size(3) Largest target is 1
		 -> INT2_DefaultInterruptHandler(), NULL(), 

    INT2_SetInterruptHandler@InterruptHandler	PTR FTN()void  size(3) Largest target is 1
		 -> INT2_DefaultInterruptHandler(), 


Critical Paths under _main in COMRAM

    _INTERRUPT_Initialize->_INT0_SetInterruptHandler
    _INTERRUPT_Initialize->_INT1_SetInterruptHandler
    _INTERRUPT_Initialize->_INT2_SetInterruptHandler

Critical Paths under _main in BANK5

    None.

Critical Paths under _main in BANK6

    None.

Critical Paths under _main in BANK7

    None.

Critical Paths under _main in BANK8

    None.

Critical Paths under _main in BANK9

    None.

Critical Paths under _main in BANK10

    None.

Critical Paths under _main in BANK11

    None.

Critical Paths under _main in BANK12

    None.

Critical Paths under _main in BANK13

    None.

Critical Paths under _main in BANK14

    None.

Critical Paths under _main in BANK15

    None.

Critical Paths under _main in BANK16

    None.

Critical Paths under _main in BANK17

    None.

Critical Paths under _main in BANK18

    None.

Critical Paths under _main in BANK19

    None.

Critical Paths under _main in BANK20

    None.

Critical Paths under _main in BANK21

    None.

Critical Paths under _main in BANK22

    None.

Critical Paths under _main in BANK23

    None.

Critical Paths under _main in BANK24

    None.

Critical Paths under _main in BANK25

    None.

Critical Paths under _main in BANK26

    None.

Critical Paths under _main in BANK27

    None.

Critical Paths under _main in BANK28

    None.

Critical Paths under _main in BANK29

    None.

Critical Paths under _main in BANK30

    None.

Critical Paths under _main in BANK31

    None.

Critical Paths under _main in BANK32

    None.

Critical Paths under _main in BANK33

    None.

Critical Paths under _main in BANK34

    None.

Critical Paths under _main in BANK35

    None.

Critical Paths under _main in BANK36

    None.

Call Graph Tables:

 ---------------------------------------------------------------------------------
 (Depth) Function   	        Calls       Base Space   Used Autos Params    Refs
 ---------------------------------------------------------------------------------
 (0) _main                                                 0     0      0     294
                  _SYSTEM_Initialize
 ---------------------------------------------------------------------------------
 (1) _SYSTEM_Initialize                                    0     0      0     294
                   _CLOCK_Initialize
               _INTERRUPT_Initialize
             _PIN_MANAGER_Initialize
 ---------------------------------------------------------------------------------
 (2) _PIN_MANAGER_Initialize                               0     0      0       0
 ---------------------------------------------------------------------------------
 (2) _INTERRUPT_Initialize                                 0     0      0     294
           _INT0_SetInterruptHandler
           _INT1_SetInterruptHandler
           _INT2_SetInterruptHandler
 ---------------------------------------------------------------------------------
 (3) _INT2_SetInterruptHandler                             3     0      3      98
                                              0 COMRAM     3     0      3
 ---------------------------------------------------------------------------------
 (3) _INT1_SetInterruptHandler                             3     0      3      98
                                              0 COMRAM     3     0      3
 ---------------------------------------------------------------------------------
 (3) _INT0_SetInterruptHandler                             3     0      3      98
                                              0 COMRAM     3     0      3
 ---------------------------------------------------------------------------------
 (2) _CLOCK_Initialize                                     0     0      0       0
 ---------------------------------------------------------------------------------
 Estimated maximum stack depth 3
 ---------------------------------------------------------------------------------

 Call Graph Graphs:

 _main (ROOT)
   _SYSTEM_Initialize
     _CLOCK_Initialize
     _INTERRUPT_Initialize
       _INT0_SetInterruptHandler
       _INT1_SetInterruptHandler
       _INT2_SetInterruptHandler
     _PIN_MANAGER_Initialize

 Address spaces:
Name               Size   Autos  Total    Cost      Usage
BITCOMRAM           5F      0       0       0        0.0%
EEDATA             400      0       0       0        0.0%
NULL                 0      0       0       0        0.0%
CODE                 0      0       0       0        0.0%
COMRAM              5F      3       C       1       12.6%
STACK                0      0       0       2        0.0%
DATA                 0      0       C       3        0.0%
BITBANK5            A0      0       0       4        0.0%
BANK5               A0      0       0       5        0.0%
BITBANK6           100      0       0       6        0.0%
BANK6              100      0       0       7        0.0%
BITBANK7           100      0       0       8        0.0%
BANK7              100      0       0       9        0.0%
BITBANK8           100      0       0      10        0.0%
BANK8              100      0       0      11        0.0%
BITBANK9           100      0       0      12        0.0%
BANK9              100      0       0      13        0.0%
BITBANK10          100      0       0      14        0.0%
BANK10             100      0       0      15        0.0%
BITBANK11          100      0       0      16        0.0%
BANK11             100      0       0      17        0.0%
BITBANK12          100      0       0      18        0.0%
BANK12             100      0       0      19        0.0%
BITBANK13          100      0       0      20        0.0%
BANK13             100      0       0      21        0.0%
BITBANK14          100      0       0      22        0.0%
BANK14             100      0       0      23        0.0%
BITBANK15          100      0       0      24        0.0%
BANK15             100      0       0      25        0.0%
BITBANK16          100      0       0      26        0.0%
BANK16             100      0       0      27        0.0%
BITBANK17          100      0       0      28        0.0%
BANK17             100      0       0      29        0.0%
BITBANK18          100      0       0      30        0.0%
BANK18             100      0       0      31        0.0%
BITBANK19          100      0       0      32        0.0%
BANK19             100      0       0      33        0.0%
BITBANK20          100      0       0      34        0.0%
BANK20             100      0       0      35        0.0%
BITBANK21          100      0       0      36        0.0%
BANK21             100      0       0      37        0.0%
BITBANK22          100      0       0      38        0.0%
BANK22             100      0       0      39        0.0%
BITBANK23          100      0       0      40        0.0%
BANK23             100      0       0      41        0.0%
BITBANK24          100      0       0      42        0.0%
BANK24             100      0       0      43        0.0%
BITBANK25          100      0       0      44        0.0%
BANK25             100      0       0      45        0.0%
BITBANK26          100      0       0      46        0.0%
BANK26             100      0       0      47        0.0%
BITBANK27          100      0       0      48        0.0%
BANK27             100      0       0      49        0.0%
BITBANK28          100      0       0      50        0.0%
BANK28             100      0       0      51        0.0%
BITBANK29          100      0       0      52        0.0%
BANK29             100      0       0      53        0.0%
BITBANK30          100      0       0      54        0.0%
BANK30             100      0       0      55        0.0%
BITBANK31          100      0       0      56        0.0%
BANK31             100      0       0      57        0.0%
BITBANK32          100      0       0      58        0.0%
BANK32             100      0       0      59        0.0%
BITBANK33          100      0       0      60        0.0%
BANK33             100      0       0      61        0.0%
BITBANK34          100      0       0      62        0.0%
BANK34             100      0       0      63        0.0%
BITBANK35          100      0       0      64        0.0%
BANK35             100      0       0      65        0.0%
BITBANK36          100      0       0      66        0.0%
BANK36             100      0       0      67        0.0%
BITBIGSFR_1        100      0       0      68        0.0%
BIGRAM            1FFF      0       0      69        0.0%
BITBIGSFRh          29      0       0      70        0.0%
BITBIGSFRlhhhh       6      0       0      71        0.0%
BITBIGSFRlhhhlh      3      0       0      72        0.0%
BITBIGSFRlhhhlh      2      0       0      73        0.0%
BITBIGSFRlhhhll      5      0       0      74        0.0%
BITBIGSFRlhhl        3      0       0      75        0.0%
BITBIGSFRlhl         4      0       0      76        0.0%
BITBIGSFRllhhhh     82      0       0      77        0.0%
BITBIGSFRllhhhh      3      0       0      78        0.0%
BITBIGSFRllhhhl    176      0       0      79        0.0%
BITBIGSFRllhhhl    1D2      0       0      80        0.0%
BITBIGSFRllhhlh      1      0       0      81        0.0%
BITBIGSFRllhl        1      0       0      82        0.0%
BITBIGSFRlll        AC      0       0      83        0.0%
ABS                  0      0       C      84        0.0%
BIGSFR_1             0      0       0     200        0.0%
BIGSFR               0      0       0     200        0.0%
BITSFR_6             0      0       0     200        0.0%
SFR_6                0      0       0     200        0.0%
BITSFR_5             0      0       0     200        0.0%
SFR_5                0      0       0     200        0.0%
BITSFR_4             0      0       0     200        0.0%
SFR_4                0      0       0     200        0.0%
BITSFR_3             0      0       0     200        0.0%
SFR_3                0      0       0     200        0.0%
BITSFR_2             0      0       0     200        0.0%
SFR_2                0      0       0     200        0.0%
BITSFR_1             0      0       0     200        0.0%
SFR_1                0      0       0     200        0.0%
BITSFR               0      0       0     200        0.0%
SFR                  0      0       0     200        0.0%


Microchip Technology PIC18 Macro Assembler V2.46 build 20240104201356 
Symbol Table                                                                                   Thu May 23 21:18:58 2024

                                      l35 260E                                        l45 2684  
                                      l71 2668                                        l58 2676  
                                      l83 265A                                        l96 2622  
                                      l99 2628                                        u80 2622  
                                      u81 261E                                       l118 264C  
                                     l237 25CE                                       l940 251C  
                                     l934 2632                                       l950 2534  
                                     l942 251E                                       l960 257A  
                                     l952 256E                                       l944 2520  
                                     l936 2502                                       l970 2588  
                                     l962 257C                                       l954 2570  
                                     l946 252A                                       l938 251A  
                                     l964 257E                                       l956 2572  
                                     l948 2532                                       l966 2580  
                                     l958 2574                                       l968 2582  
              ??_INT0_SetInterruptHandler 050D                                      l1010 25D0  
                                    l1004 2678                                      l1020 25FC  
                                    l1012 25D6                                      l1006 266A  
                                    l1014 25E6                                      l1022 264E  
                                    l1008 265C                                      l1016 25E8  
                                    l1024 2656                                      l1018 25FA  
                                    l1026 2610                                      l1028 2614  
                                    _LATA 04BE                                      _LATB 04BF  
                                    _LATC 04C0                                      _LATD 04C1  
                                    _LATE 04C2                                      _LATF 04C3  
                                    _WPUA 0401                                      _WPUB 0409  
                                    _WPUC 0411                                      _WPUD 0419  
                                    _WPUE 0421                                      _WPUF 0429  
                                    _main 2610                 ?_INT2_SetInterruptHandler 050A  
                                    start FFFC                              ___param_bank 0000  
                                   ?_main 050A                                     _IOCAF 0407  
                                   _IOCBF 040F                                     _IOCCF 0417  
                                   _IOCAN 0406                                     _IOCEF 0427  
                                   _IOCAP 0405                                     _IOCBN 040E  
                                   _IOCBP 040D                                     _IOCCN 0416  
                                   _IOCCP 0415                                     _IOCEN 0426  
                                   _IOCEP 0425                                     _OSCEN 00B3  
                                   _TRISA 04C6                                     _TRISB 04C7  
                                   _TRISC 04C8                                     _TRISD 04C9  
                                   _TRISE 04CA                                     _TRISF 04CB  
                _INT1_SetInterruptHandler 266A                           __initialization 2686  
                            __end_of_main 2632                                    ??_main 050D  
                           __activetblptr 0003                                    _ACTCON 00AC  
                                  _ANSELA 0400                                    _ANSELB 0408  
                                  _ANSELC 0410                                    _ANSELD 0418  
                                  _ANSELE 0420                                    _ANSELF 0428  
                                  _RB1I2C 0289                                    _RB2I2C 0288  
                                  _RC3I2C 0287                                    _RC4I2C 0286  
                                  _ODCONA 0402                                    _ODCONB 040A  
                                  _ODCONC 0412                                    _ODCOND 041A  
                                  _ODCONE 0422                                    _ODCONF 042A  
                                  _INLVLA 0404                                    _INLVLB 040C  
                                  _INLVLC 0414                                    _INLVLD 041C  
                                  _INLVLE 0424                                    _INLVLF 042C  
                                  _OSCFRQ 00B1                                    isa$std 0001  
                       ?_CLOCK_Initialize 050A              _INT2_DefaultInterruptHandler 0000  
                      ??_CLOCK_Initialize 050A                              __mediumconst 0000  
INT2_SetInterruptHandler@InterruptHandler 050A  INT1_SetInterruptHandler@InterruptHandler 050A  
INT0_SetInterruptHandler@InterruptHandler 050A                         _SYSTEM_Initialize 264E  
                              __accesstop 0560                   __end_of__initialization 2686  
                      ?_SYSTEM_Initialize 050A                             ___rparam_used 0001  
                          __pcstackCOMRAM 050A                       ??_SYSTEM_Initialize 050D  
        __end_of_INT2_SetInterruptHandler 266A                 __end_of_SYSTEM_Initialize 265C  
                   _INT0_InterruptHandler 0507                                __pnvCOMRAM 0501  
              ??_INT1_SetInterruptHandler 050D                                   _OSCCON1 00AD  
                                 _OSCCON3 00AF                                   _OSCTUNE 00B0  
                                 _SLRCONA 0403                                   _SLRCONB 040B  
                                 _SLRCONC 0413                                   _SLRCOND 041B  
                                 _SLRCONE 0423                                   _SLRCONF 042B  
               ?_INT0_SetInterruptHandler 050A                                   __Hparam 0000  
                                 __Lparam 0000                              __psmallconst 2500  
                                 __pcinit 2686                                   __ramtop 2500  
                                 __ptext0 2610                                   __ptext1 264E  
                                 __ptext2 2502                                   __ptext3 25D0  
                                 __ptext4 265C                                   __ptext5 266A  
                                 __ptext6 2678                                   __ptext7 2632  
                ??_PIN_MANAGER_Initialize 050A                      end_of_initialization 2686  
                _INT2_SetInterruptHandler 265C                                 _PIR10bits 04B8  
                   _INT1_InterruptHandler 0504                                 _PORTBbits 04CF  
            __end_of_INTERRUPT_Initialize 2610              _INT0_DefaultInterruptHandler 0000  
                     start_initialization 2686          __end_of_INT0_SetInterruptHandler 2686  
                   _INT2_InterruptHandler 0501                    _PIN_MANAGER_Initialize 2502  
                             __smallconst 2500                ??_INT2_SetInterruptHandler 050D  
                    _INTERRUPT_Initialize 25D0                          _CLOCK_Initialize 2632  
                                _LATFbits 04C3                 ?_INT1_SetInterruptHandler 050A  
                                _PIR1bits 04AF                                  _PIR6bits 04B4  
                             _INTCON0bits 04D6                     ?_INTERRUPT_Initialize 050A  
                _INT0_SetInterruptHandler 2678                                  __Hrparam 0000  
                                __Lrparam 0000                                  isa$xinst 0000  
            _INT1_DefaultInterruptHandler 0000                    ??_INTERRUPT_Initialize 050D  
                 ?_PIN_MANAGER_Initialize 050A                  __end_of_CLOCK_Initialize 264E  
        __end_of_INT1_SetInterruptHandler 2678            __end_of_PIN_MANAGER_Initialize 25D0  
